<?xml version="1.0" encoding="UTF-8"?>
<!-- Generated by org.testng.reporters.JUnitReportReporter -->
<testsuite hostname="user-pc" name="BrowsersDrivers.VisitByFirefox" tests="1" failures="0" timestamp="11 May 2017 08:01:36 GMT" time="4.911" errors="0">
  <testcase name="visitSogou" time="4.911" classname="BrowsersDrivers.VisitByFirefox"/>
</testsuite> <!-- BrowsersDrivers.VisitByFirefox -->
