<?xml version="1.0" encoding="UTF-8"?>
<!-- Generated by org.testng.reporters.JUnitReportReporter -->
<testsuite hostname="user-pc" name="ManageTestWeb.loginMagTest" tests="1" failures="0" timestamp="21 Mar 2017 05:40:23 GMT" time="4.110" errors="0">
  <testcase name="login" time="4.110" classname="ManageTestWeb.loginMagTest"/>
</testsuite> <!-- ManageTestWeb.loginMagTest -->
