<?xml version="1.0" encoding="UTF-8"?>
<!-- Generated by org.testng.reporters.JUnitReportReporter -->
<testsuite hostname="user-pc" name="BrowsersDrivers.VisitSogouByChrome" tests="1" failures="0" timestamp="11 May 2017 08:02:11 GMT" time="6.072" errors="0">
  <testcase name="visitSogou" time="6.072" classname="BrowsersDrivers.VisitSogouByChrome"/>
</testsuite> <!-- BrowsersDrivers.VisitSogouByChrome -->
