<?xml version="1.0" encoding="UTF-8"?>
<!-- Generated by org.testng.reporters.JUnitReportReporter -->
<testsuite hostname="user-pc" name="selenuimdemo.driverStart" tests="1" failures="0" timestamp="30 Aug 2016 09:08:26 GMT" time="6.936" errors="0">
  <testcase name="getBaidu" time="6.936" classname="selenuimdemo.driverStart"/>
</testsuite> <!-- selenuimdemo.driverStart -->
