<?xml version="1.0" encoding="UTF-8"?>
<!-- Generated by org.testng.reporters.JUnitReportReporter -->
<testsuite hostname="user-pc" name="selenuimdemo.TestTakesScreenshot" tests="1" failures="0" timestamp="15 Mar 2017 02:39:32 GMT" time="9.126" errors="0">
  <testcase name="test" time="9.126" classname="selenuimdemo.TestTakesScreenshot"/>
</testsuite> <!-- selenuimdemo.TestTakesScreenshot -->
