<?xml version="1.0" encoding="UTF-8"?>
<!-- Generated by org.testng.reporters.JUnitReportReporter -->
<testsuite hostname="user-pc" name="groups.testgroupsBrowsers" tests="2" failures="0" timestamp="5 Aug 2016 07:16:52 GMT" time="15.443" errors="0">
  <testcase name="submodule4" time="6.849" classname="groups.testgroupsBrowsers"/>
  <testcase name="submodule3" time="8.594" classname="groups.testgroupsBrowsers"/>
</testsuite> <!-- groups.testgroupsBrowsers -->
