<?xml version="1.0" encoding="UTF-8"?>
<!-- Generated by org.testng.reporters.JUnitReportReporter -->
<testsuite hostname="user-pc" name="selenuimdemo.testeight" tests="1" failures="0" timestamp="22 Jun 2016 09:21:58 GMT" time="4.222" errors="0">
  <testcase name="test" time="4.222" classname="selenuimdemo.testeight"/>
</testsuite> <!-- selenuimdemo.testeight -->
