<?xml version="1.0" encoding="UTF-8"?>
<!-- Generated by org.testng.reporters.JUnitReportReporter -->
<testsuite hostname="user-pc" name="selenuimdemo.testseven" tests="1" failures="0" timestamp="22 Jun 2016 06:16:56 GMT" time="3.568" errors="0">
  <testcase name="test" time="3.568" classname="selenuimdemo.testseven"/>
</testsuite> <!-- selenuimdemo.testseven -->
