<?xml version="1.0" encoding="UTF-8"?>
<!-- Generated by org.testng.reporters.JUnitReportReporter -->
<testsuite hostname="user-pc" name="selenuimdemo.testnine" tests="1" failures="0" timestamp="24 Jun 2016 08:58:50 GMT" time="4.951" errors="0">
  <testcase name="test" time="4.951" classname="selenuimdemo.testnine"/>
</testsuite> <!-- selenuimdemo.testnine -->
