<?xml version="1.0" encoding="UTF-8"?>
<!-- Generated by org.testng.reporters.JUnitReportReporter -->
<testsuite hostname="user-pc" name="selenuimdemo.testwindow2" tests="1" failures="0" timestamp="30 Jun 2016 06:17:25 GMT" time="4.655" errors="0">
  <testcase name="test" time="4.655" classname="selenuimdemo.testwindow2"/>
</testsuite> <!-- selenuimdemo.testwindow2 -->
