<?xml version="1.0" encoding="UTF-8"?>
<!-- Generated by org.testng.reporters.JUnitReportReporter -->
<testsuite hostname="user-pc" name="selenuimdemo.testDriver" tests="1" failures="0" timestamp="9 May 2017 03:14:10 GMT" time="3.992" errors="0">
  <testcase name="test" time="3.992" classname="selenuimdemo.testDriver"/>
</testsuite> <!-- selenuimdemo.testDriver -->
