<?xml version="1.0" encoding="UTF-8"?>
<!-- Generated by org.testng.reporters.JUnitReportReporter -->
<testsuite hostname="shty-qc-wujj" name="selenuimdemo.testalert" tests="5" failures="0" timestamp="24 Oct 2017 08:56:51 GMT" time="62.182" errors="0">
  <testcase name="test" time="14.402" classname="selenuimdemo.testalert"/>
  <testcase name="testselect" time="10.571" classname="selenuimdemo.testalert"/>
  <testcase name="testFram" time="19.363" classname="selenuimdemo.testalert"/>
  <testcase name="testconfirm" time="11.059" classname="selenuimdemo.testalert"/>
  <testcase name="testprompt" time="6.787" classname="selenuimdemo.testalert"/>
</testsuite> <!-- selenuimdemo.testalert -->
