<?xml version="1.0" encoding="UTF-8"?>
<!-- Generated by org.testng.reporters.JUnitReportReporter -->
<testsuite hostname="user-pc" name="com.Properties.Practice2OnTestng" tests="1" failures="0" timestamp="30 Aug 2016 08:21:43 GMT" time="6.850" errors="0">
  <testcase name="acceddMail" time="6.850" classname="com.Properties.Practice2OnTestng"/>
</testsuite> <!-- com.Properties.Practice2OnTestng -->
