<?xml version="1.0" encoding="UTF-8"?>
<!-- Generated by org.testng.reporters.JUnitReportReporter -->
<testsuite hostname="user-pc" name="com.Properties.Practice1OnTestng" tests="1" failures="0" timestamp="12 Aug 2016 02:54:28 GMT" time="0.009" errors="0">
  <testcase name="test" time="0.009" classname="com.Properties.Practice1OnTestng"/>
</testsuite> <!-- com.Properties.Practice1OnTestng -->
