<?xml version="1.0" encoding="UTF-8"?>
<!-- Generated by org.testng.reporters.JUnitReportReporter -->
<testsuite hostname="user-pc" name="BrowsersDrivers.VisitSogouByIE" tests="1" failures="0" timestamp="12 May 2017 07:39:30 GMT" time="4.094" errors="0">
  <testcase name="visitSogou" time="4.094" classname="BrowsersDrivers.VisitSogouByIE"/>
</testsuite> <!-- BrowsersDrivers.VisitSogouByIE -->
