<?xml version="1.0" encoding="UTF-8"?>
<!-- Generated by org.testng.reporters.JUnitReportReporter -->
<testsuite hostname="user-pc" name="groups.testgroups" tests="3" failures="0" timestamp="6 Sep 2016 05:38:17 GMT" time="0.013" errors="0">
  <testcase name="testSubModule3" time="0.001" classname="groups.testgroups"/>
  <testcase name="testSubModule1" time="0.010" classname="groups.testgroups"/>
  <testcase name="testSubModule2" time="0.002" classname="groups.testgroups"/>
</testsuite> <!-- groups.testgroups -->
