<?xml version="1.0" encoding="UTF-8"?>
<!-- Generated by org.testng.reporters.JUnitReportReporter -->
<testsuite hostname="user-pc" name="launch.TestBrowsers" tests="1" failures="0" timestamp="15 Mar 2017 03:00:55 GMT" time="3.181" errors="0">
  <testcase name="start" time="3.181" classname="launch.TestBrowsers"/>
</testsuite> <!-- launch.TestBrowsers -->
