<?xml version="1.0" encoding="UTF-8"?>
<!-- Generated by org.testng.reporters.JUnitReportReporter -->
<testsuite hostname="user-pc" name="selenuimdemo.testsix" tests="1" failures="0" timestamp="30 Aug 2016 07:09:38 GMT" time="4.318" errors="0">
  <testcase name="test" time="4.318" classname="selenuimdemo.testsix"/>
</testsuite> <!-- selenuimdemo.testsix -->
